1
 
 Parameters
 ==========

 Files
 -----
 Solution file..........         0       Old basis file ........         0       Standard input.........         5
 Insert file............         0       New basis file ........         0       (Printer)..............         9
 Punch file.............         0       Backup basis file......         0       (Specs file)...........         0
 Load file..............         0       Dump file..............         0       Standard output........         6

 Frequencies
 -----------
 Print frequency........       100       Check frequency........        60       Save new basis map.....       100
 Summary frequency......       100       Factorization frequency        50       Expand frequency.......     10000

 QP subproblems
 --------------
 QPsolver Cholesky......
 Scale tolerance........     0.900       Minor feasibility tol..  1.00E-06       Iteration limit........     10000
 Scale option...........         2       Minor optimality  tol..  1.00E-06       Minor print level......        10
 Crash tolerance........     0.100       Pivot tolerance........  3.25E-11       Partial price..........         1
 Crash option...........         3       Elastic weight.........  1.00E+00       Prtl price section ( A)         2
                                         New superbasics........        99       Prtl price section (-I)         1

 The SQP Method
 --------------
 Minimize...............                 Cold start.............                 Proximal Point method..         1
 Nonlinear objectiv vars         2       Objective Row..........         1       Function precision.....  1.00E-06
 Unbounded step size....  1.00E+20       Superbasics limit......         2       Difference interval....  1.00E-06
 Unbounded objective....  1.00E+15       Reduced Hessian dim....         2       Central difference int.  1.00E-06
 Major step limit.......  2.00E+00       Nonderiv.  linesearch..                 Derivative option......         1
 Major iterations limit.        10       Linesearch tolerance...   0.90000       Verify level...........        -1
 Minor iterations limit.       200       Penalty parameter......  0.00E+00       Major Print Level......        10
                                         Major optimality tol...  1.00E-06

 Hessian Approximation
 ---------------------
 Full-Memory Hessian....                 Hessian updates........  99999999       Hessian frequency......  99999999
                                                                                 Hessian flush..........  99999999

 Miscellaneous
 -------------
 LU factor tolerance....      3.99       LU singularity tol.....  3.25E-11       Timing level...........         3
 LU update tolerance....      3.99       LU swap tolerance......  1.22E-04       Debug level............         0
 LU partial  pivoting...                 eps (machine precision)  2.22E-16       System information.....       Yes
                                                                                 Sticky parameters......        No

 Total char*8  workspace       500       Total integer workspace     20681       Total real    workspace     10689
 Total char*8  (minimum)       500       Total integer (minimum)       553       Total real    (minimum)       609
 
1
 

 

 Matrix statistics
 -----------------
               Total      Normal        Free       Fixed     Bounded
 Rows              1           0           1           0           0
 Columns           2           0           0           0           2

 No. of matrix elements                    1     Density      50.000
 Biggest                          0.0000E+00  (excluding fixed columns,
 Smallest                         0.0000E+00   free rows, and RHS)

 No. of objective coefficients             0

 Nonlinear constraints       0     Linear constraints       1
 Nonlinear variables         2     Linear variables         0
 Jacobian  variables         0     Objective variables      2
 Total constraints           1     Total variables          2
1
 
 Initial basis
 -------------

 No basis file supplied

 
 Scaling
 -------
             Min elem    Max elem       Max col ratio
 After  0    1.00E+19    0.00E+00                1.00
 After  1    1.00E+19    0.00E+00                1.00
 After  2    1.00E+19    0.00E+00                1.00
 After  3    1.00E+19    0.00E+00                1.00

            Min scale                       Max scale      Between 0.5 and 2.0
 Col      1   1.0E+00            Col      1   1.0E+00                2   100.0
 Row      0   0.0E+00            Row      0   0.0E+00                0     0.0

 Norm of fixed columns and slacks             0.0E+00
 (before and after row scaling)               0.0E+00

 
 Row scales  r(i)      a(i,j)  =  r(i) * scaled a(i,j) / c(j)
 ----------------
     1      1.0000

 
 Column scales  c(j)      x(j)    =  c(j) * scaled x(j)
 -------------------
     1      1.0000
     2      1.0000

 Crash option  3

 Crash on linear E  rows:
 Itn      0: Making the linear rows feasible

 Crash on linear LG rows:
 Slacks     1  Free cols     0  Preferred     0
 Unit       0  Double        0  Triangle      0  Pad     0

 Factor      1  Demand      0  Itn          0
 Nonlin      0  Linear      0  Slacks       1  B  factorize

 Itn      0: Feasible linear rows
 Itn      0: PP1.  Minimizing  Norm(x-x0)

 Itn      0: PP1.  Norm(x-x0) approximately minimized  (0.00E+00)

 
 The user has defined       2   out of       2   first  derivatives

 
 Scaling
 -------
             Min elem    Max elem       Max col ratio
 After  0    1.00E+19    0.00E+00                1.00
 After  1    1.00E+19    0.00E+00                1.00
 After  2    1.00E+19    0.00E+00                1.00
 After  3    1.00E+19    0.00E+00                1.00

            Min scale                       Max scale      Between 0.5 and 2.0
 Col      1   1.0E+00            Col      1   1.0E+00                2   100.0
 Row      0   0.0E+00            Row      0   0.0E+00                0     0.0

 Norm of fixed columns and slacks             0.0E+00
 (before and after row scaling)               0.0E+00

 
 Row scales  r(i)      a(i,j)  =  r(i) * scaled a(i,j) / c(j)
 ----------------
     1      1.0000

 
 Column scales  c(j)      x(j)    =  c(j) * scaled x(j)
 -------------------
     1      1.0000
     2      1.0000
1
 

 Factor      2  Demand      0  Itn          0
 Nonlin      0  Linear      0  Slacks       1  B  factorize
 Itn      0: Feasible QP subproblem
 

   Itns Major Minors    Step   nObj Feasible  Optimal      Objective     L+U BSwap     nS  condHz
      2     0      2              1           2.0E+00  1.0000000E+01       1            2 1.0E+00 _  r
 Itn      2: Feasible QP subproblem

   Itns Major Minors    Step   nObj Feasible  Optimal      Objective     L+U BSwap     nS  condHz
      3     1      1 7.5E-01      2           1.5E+00  5.8415103E+00       1            2 1.0E+00 _n rl
 Itn      3: Feasible QP subproblem

   Itns Major Minors    Step   nObj Feasible  Optimal      Objective     L+U BSwap     nS  condHz
      4     2      1 7.5E-01      3           1.1E+00  2.7941318E+00       1            2 1.0E+00 _s  l
 Itn      4: Feasible QP subproblem

   Itns Major Minors    Step   nObj Feasible  Optimal      Objective     L+U BSwap     nS  condHz
      4     3      0 1.0E+00      4          (1.7E-16) 8.0118686E-32       1            2 1.0E+00 _
1
 
 SNOPTA EXIT   0 -- finished successfully
 SNOPTA INFO   1 -- optimality conditions satisfied

 Problem name
 No. of iterations                   4   Objective value      8.0118685687E-32
 No. of major iterations             3   Linear objective     0.0000000000E+00
 Penalty parameter           0.000E+00   Nonlinear objective  8.0118685687E-32
 No. of calls to funobj              7   No. of calls to funcon              7
 Calls with modes 1,2 (known g)      4   Calls with modes 1,2 (known g)      4
 No. of superbasics                  2   No. of basic nonlinears             0
 No. of degenerate steps             0   Percentage                       0.00
 Max x       (scaled)        1 3.3E-16   Max pi      (scaled)        1 1.0E+0